<?xml version="1.0" encoding="UTF-8"?>
<!-- Generated by org.testng.reporters.JUnitXMLReporter -->
<testsuite ignored="0" hostname="ISD_8_C_11" failures="0" tests="2" name="Table Dynamic Data" time="32.514" errors="0" timestamp="2024-01-10T18:09:01 IST">
  <testcase classname="com.suratzone.AutomationSMCpro1.TableDynamicData" name="login1" time="21.721"/>
  <testcase classname="com.suratzone.AutomationSMCpro1.TableDynamicData" name="masterToNewVehcileClick1" time="6.281"/>
</testsuite> <!-- Table Dynamic Data -->
