<?xml version="1.0" encoding="UTF-8"?>
<testng-results ignored="0" total="1" passed="1" failed="0" skipped="0">
  <reporter-output>
  </reporter-output>
  <suite started-at="2025-03-19T18:10:30 IST" name="Default suite" finished-at="2025-03-19T18:10:31 IST" duration-ms="341">
    <groups>
    </groups>
    <test started-at="2025-03-19T18:10:30 IST" name="Default test" finished-at="2025-03-19T18:10:31 IST" duration-ms="341">
      <class name="DatabaseTestPackage.DatabaseCreateTable">
        <test-method signature="CreateNewTable()[pri:0, instance:DatabaseTestPackage.DatabaseCreateTable@5ddeb7cb]" started-at="2025-03-19T18:10:30 IST" name="CreateNewTable" finished-at="2025-03-19T18:10:31 IST" duration-ms="313" status="PASS">
          <reporter-output>
          </reporter-output>
        </test-method> <!-- CreateNewTable -->
      </class> <!-- DatabaseTestPackage.DatabaseCreateTable -->
    </test> <!-- Default test -->
  </suite> <!-- Default suite -->
</testng-results>
