<?xml version="1.0" encoding="UTF-8"?>
<testng-results ignored="0" total="1" passed="1" failed="0" skipped="0">
  <reporter-output>
  </reporter-output>
  <suite started-at="2025-03-18T12:54:29 IST" name="Default suite" finished-at="2025-03-18T12:54:30 IST" duration-ms="486">
    <groups>
    </groups>
    <test started-at="2025-03-18T12:54:29 IST" name="Default test" finished-at="2025-03-18T12:54:30 IST" duration-ms="486">
      <class name="DatabaseTestPackage.DatabaseCreateTable">
        <test-method signature="CreateNewTable()[pri:0, instance:DatabaseTestPackage.DatabaseCreateTable@4dbb42b7]" started-at="2025-03-18T12:54:29 IST" name="CreateNewTable" finished-at="2025-03-18T12:54:30 IST" duration-ms="460" status="PASS">
          <reporter-output>
          </reporter-output>
        </test-method> <!-- CreateNewTable -->
      </class> <!-- DatabaseTestPackage.DatabaseCreateTable -->
    </test> <!-- Default test -->
  </suite> <!-- Default suite -->
</testng-results>
