<?xml version="1.0" encoding="UTF-8"?>
<!-- Generated by org.testng.reporters.JUnitReportReporter -->
<testsuite hostname="ISD_8_C_11" failures="0" tests="1" name="WaterMeterSystemPackage.LoginRoleWiseTestCase" time="12.465" errors="0" timestamp="2025-01-04T18:16:48 IST" skipped="0">
  <testcase classname="WaterMeterSystemPackage.LoginRoleWiseTestCase" name="WestZone24X7SmartCityJahangirabadUser" time="12.465"/>
  <system-out/>
</testsuite> <!-- WaterMeterSystemPackage.LoginRoleWiseTestCase -->
