<?xml version="1.0" encoding="UTF-8"?>
<!-- Generated by org.testng.reporters.JUnitReportReporter -->
<testsuite hostname="ISD_8_C_11" failures="0" tests="5" name="TestNGCode.NameTransferWithTestng" time="74.691" errors="0" timestamp="2024-06-29T17:44:11 IST" skipped="0">
  <testcase classname="TestNGCode.NameTransferWithTestng" name="loginUser" time="5.722"/>
  <testcase classname="TestNGCode.NameTransferWithTestng" name="loginUserSearching" time="5.465"/>
  <testcase classname="TestNGCode.NameTransferWithTestng" name="tenementNumber" time="23.896"/>
  <testcase classname="TestNGCode.NameTransferWithTestng" name="aaNameTransferdetails" time="30.173"/>
  <testcase classname="TestNGCode.NameTransferWithTestng" name="xyzSearchClick" time="9.435"/>
</testsuite> <!-- TestNGCode.NameTransferWithTestng -->
