<?xml version="1.0" encoding="UTF-8"?>
<!-- Generated by org.testng.reporters.JUnitReportReporter -->
<testsuite hostname="ISD_8_C_11" failures="0" tests="5" name="com.suratzone.PropertyTax.TestCases" time="0.008" errors="0" timestamp="2024-05-09T14:31:15 IST" skipped="0">
  <testcase classname="com.suratzone.PropertyTax.TestCases" name="div" time="0.005"/>
  <testcase classname="com.suratzone.PropertyTax.TestCases" name="percentag" time="0.001"/>
  <testcase classname="com.suratzone.PropertyTax.TestCases" name="sum" time="0.001"/>
  <testcase classname="com.suratzone.PropertyTax.TestCases" name="mul" time="0.001"/>
  <testcase classname="com.suratzone.PropertyTax.TestCases" name="sub" time="0.000"/>
</testsuite> <!-- com.suratzone.PropertyTax.TestCases -->
