<?xml version="1.0" encoding="UTF-8"?>
<!-- Generated by org.testng.reporters.JUnitReportReporter -->
<testsuite hostname="ISD_8_C_11" failures="0" tests="8" name="com.suratzone.PropertyTax.NewAssessmentWithTestNG" time="88.010" errors="0" timestamp="2024-05-11T17:45:14 IST" skipped="0">
  <testcase classname="com.suratzone.PropertyTax.NewAssessmentWithTestNG" name="loginUser" time="5.379"/>
  <testcase classname="com.suratzone.PropertyTax.NewAssessmentWithTestNG" name="loginUserSearching" time="5.366"/>
  <testcase classname="com.suratzone.PropertyTax.NewAssessmentWithTestNG" name="basicDetails" time="16.711"/>
  <testcase classname="com.suratzone.PropertyTax.NewAssessmentWithTestNG" name="propertyDetails" time="6.200"/>
  <testcase classname="com.suratzone.PropertyTax.NewAssessmentWithTestNG" name="mainUsage" time="8.235"/>
  <testcase classname="com.suratzone.PropertyTax.NewAssessmentWithTestNG" name="addFloorWiseDetails" time="16.466"/>
  <testcase classname="com.suratzone.PropertyTax.NewAssessmentWithTestNG" name="mobileOTVerify" time="21.206"/>
  <testcase classname="com.suratzone.PropertyTax.NewAssessmentWithTestNG" name="getApplication" time="8.447"/>
</testsuite> <!-- com.suratzone.PropertyTax.NewAssessmentWithTestNG -->
