<?xml version="1.0" encoding="UTF-8"?>
<!-- Generated by org.testng.reporters.JUnitReportReporter -->
<testsuite hostname="ISD_8_C_11" failures="0" tests="1" name="com.suratzone.AutomationSMCpro1.Configuration_Annotations" time="0.004" errors="0" timestamp="2024-01-12T15:18:15 IST" skipped="0">
  <testcase classname="com.suratzone.AutomationSMCpro1.Configuration_Annotations" name="scheduleAppointment" time="0.004"/>
</testsuite> <!-- com.suratzone.AutomationSMCpro1.Configuration_Annotations -->
