<?xml version="1.0" encoding="UTF-8"?>
<!-- Generated by org.testng.reporters.JUnitReportReporter -->
<testsuite hostname="ISD_8_C_11" failures="0" tests="3" name="WaterMeterSystemPackage.LoginUserTestCases" time="45.558" errors="0" timestamp="2025-01-04T14:35:13 IST" skipped="0">
  <testcase classname="WaterMeterSystemPackage.LoginUserTestCases" name="EmptyFormSubmit" time="17.258"/>
  <system-out/>
  <testcase classname="WaterMeterSystemPackage.LoginUserTestCases" name="InvalidUserLogin" time="11.599"/>
  <system-out/>
  <testcase classname="WaterMeterSystemPackage.LoginUserTestCases" name="ValidUserLogin" time="16.701"/>
  <system-out/>
</testsuite> <!-- WaterMeterSystemPackage.LoginUserTestCases -->
