<?xml version="1.0" encoding="UTF-8"?>
<!-- Generated by org.testng.reporters.JUnitReportReporter -->
<testsuite hostname="ISD_8_C_11" failures="0" tests="5" name="com.suratzone.PropertyTax.MyFirstNewTestngClass" time="70.991" errors="0" timestamp="2024-05-11T15:32:14 IST" skipped="0">
  <testcase classname="com.suratzone.PropertyTax.MyFirstNewTestngClass" name="loginUser" time="5.661"/>
  <testcase classname="com.suratzone.PropertyTax.MyFirstNewTestngClass" name="loginUserSearching" time="5.532"/>
  <testcase classname="com.suratzone.PropertyTax.MyFirstNewTestngClass" name="tenementNumber" time="20.973"/>
  <testcase classname="com.suratzone.PropertyTax.MyFirstNewTestngClass" name="aaNameTransferdetails" time="30.084"/>
  <testcase classname="com.suratzone.PropertyTax.MyFirstNewTestngClass" name="xyzSearchClick" time="8.741"/>
</testsuite> <!-- com.suratzone.PropertyTax.MyFirstNewTestngClass -->
