<?xml version="1.0" encoding="UTF-8"?>
<!-- Generated by org.testng.reporters.JUnitReportReporter -->
<testsuite hostname="ISD_8_C_11" failures="0" tests="4" name="WaterMeterSystemPackage.LoginRoleWiseTestCase$LoginUserTestCases" time="47.210" errors="0" timestamp="2025-01-10T17:14:36 IST" skipped="0">
  <testcase classname="WaterMeterSystemPackage.LoginRoleWiseTestCase$LoginUserTestCases" name="CentralZoneUser" time="12.663"/>
  <system-out/>
  <testcase classname="WaterMeterSystemPackage.LoginRoleWiseTestCase$LoginUserTestCases" name="WestZone24X7User" time="11.539"/>
  <system-out/>
  <testcase classname="WaterMeterSystemPackage.LoginRoleWiseTestCase$LoginUserTestCases" name="WestZone24X7SmartCityUser" time="11.507"/>
  <system-out/>
  <testcase classname="WaterMeterSystemPackage.LoginRoleWiseTestCase$LoginUserTestCases" name="WestZone24X7SmartCityJahangirabadUser" time="11.501"/>
  <system-out/>
</testsuite> <!-- WaterMeterSystemPackage.LoginRoleWiseTestCase$LoginUserTestCases -->
