<?xml version="1.0" encoding="UTF-8"?>
<!-- Generated by org.testng.reporters.JUnitReportReporter -->
<testsuite hostname="ISD_8_C_11" failures="0" tests="6" name="com.suratzone.AutomationSMCpro1.MultipleTestCases" time="69.986" errors="0" timestamp="2024-01-10T14:47:25 IST" skipped="0">
  <testcase classname="com.suratzone.AutomationSMCpro1.MultipleTestCases" name="userLogout" time="8.180"/>
  <testcase classname="com.suratzone.AutomationSMCpro1.MultipleTestCases" name="searchVehicle" time="0.116"/>
  <testcase classname="com.suratzone.AutomationSMCpro1.MultipleTestCases" name="login" time="20.329"/>
  <testcase classname="com.suratzone.AutomationSMCpro1.MultipleTestCases" name="zquit" time="0.079"/>
  <testcase classname="com.suratzone.AutomationSMCpro1.MultipleTestCases" name="masterToNewVehcileClick" time="6.243"/>
  <testcase classname="com.suratzone.AutomationSMCpro1.MultipleTestCases" name="newVehcileForm" time="35.039"/>
</testsuite> <!-- com.suratzone.AutomationSMCpro1.MultipleTestCases -->
